<?xml version="1.0" encoding="UTF-8"?>
<testsuite xmlns:xsi="http://www.w3.org/2001/XMLSchema-instance" xsi:noNamespaceSchemaLocation="https://maven.apache.org/surefire/maven-surefire-plugin/xsd/surefire-test-report-3.0.xsd" version="3.0" name="com.kvstore.cluster.ConsistentHashRingTest" time="0.107" tests="4" errors="0" skipped="0" failures="0">
  <properties>
[...]
</properties>
  <testcase name="removeNodeReroutesKeys" classname="com.kvstore.cluster.ConsistentHashRingTest" time="0.079">
    <system-out><![CDATA[18:13:51.582 [main] INFO com.kvstore.wal.WALReplay -- WAL replay complete: 4 entries recovered, 0 skipped
18:13:51.584 [main] INFO com.kvstore.core.InMemoryStore -- Recovery complete: 4 WAL entries applied
18:13:51.584 [main] INFO com.kvstore.wal.WAL -- WAL opened at data/node-1.wal
18:13:51.584 [main] INFO com.kvstore.core.InMemoryStore -- InMemoryStore ready, 2 keys loaded
18:13:51.585 [main] INFO com.kvstore.wal.WALReplay -- WAL replay complete: 8 entries recovered, 0 skipped
18:13:51.585 [main] INFO com.kvstore.core.InMemoryStore -- Recovery complete: 8 WAL entries applied
18:13:51.585 [main] INFO com.kvstore.wal.WAL -- WAL opened at data/node-2.wal
18:13:51.585 [main] INFO com.kvstore.core.InMemoryStore -- InMemoryStore ready, 4 keys loaded
18:13:51.606 [main] INFO com.kvstore.cluster.ConsistentHashRing -- Added node-1 to ring with 150 virtual nodes
18:13:51.608 [main] INFO com.kvstore.cluster.ConsistentHashRing -- Added node-2 to ring with 150 virtual nodes
18:13:51.610 [main] INFO com.kvstore.cluster.ConsistentHashRing -- Removed node-2 from ring
18:13:51.611 [main] INFO com.kvstore.cluster.ConsistentHashRing -- Removed node-1 from ring
18:13:51.612 [main] INFO com.kvstore.wal.WALReplay -- WAL replay complete: 12 entries recovered, 0 skipped
18:13:51.613 [main] INFO com.kvstore.core.InMemoryStore -- Recovery complete: 12 WAL entries applied
18:13:51.613 [main] INFO com.kvstore.wal.WAL -- WAL opened at data/node-3.wal
18:13:51.613 [main] INFO com.kvstore.core.InMemoryStore -- InMemoryStore ready, 6 keys loaded
18:13:51.614 [main] INFO com.kvstore.cluster.ConsistentHashRing -- Added node-3 to ring with 150 virtual nodes
]]></system-out>
  </testcase>
  <testcase name="keysDistributeAcrossAllNodes" classname="com.kvstore.cluster.ConsistentHashRingTest" time="0.008">
    <system-out><![CDATA[18:13:51.622 [main] INFO com.kvstore.wal.WALReplay -- WAL replay complete: 4 entries recovered, 0 skipped
18:13:51.622 [main] INFO com.kvstore.core.InMemoryStore -- Recovery complete: 4 WAL entries applied
18:13:51.622 [main] INFO com.kvstore.wal.WAL -- WAL opened at data/node-1.wal
18:13:51.622 [main] INFO com.kvstore.core.InMemoryStore -- InMemoryStore ready, 2 keys loaded
18:13:51.623 [main] INFO com.kvstore.cluster.ConsistentHashRing -- Added node-1 to ring with 150 virtual nodes
18:13:51.623 [main] INFO com.kvstore.wal.WALReplay -- WAL replay complete: 8 entries recovered, 0 skipped
18:13:51.623 [main] INFO com.kvstore.core.InMemoryStore -- Recovery complete: 8 WAL entries applied
18:13:51.623 [main] INFO com.kvstore.wal.WAL -- WAL opened at data/node-2.wal
18:13:51.623 [main] INFO com.kvstore.core.InMemoryStore -- InMemoryStore ready, 4 keys loaded
18:13:51.624 [main] INFO com.kvstore.cluster.ConsistentHashRing -- Added node-2 to ring with 150 virtual nodes
18:13:51.624 [main] INFO com.kvstore.wal.WALReplay -- WAL replay complete: 12 entries recovered, 0 skipped
18:13:51.624 [main] INFO com.kvstore.core.InMemoryStore -- Recovery complete: 12 WAL entries applied
18:13:51.624 [main] INFO com.kvstore.wal.WAL -- WAL opened at data/node-3.wal
18:13:51.624 [main] INFO com.kvstore.core.InMemoryStore -- InMemoryStore ready, 6 keys loaded
18:13:51.625 [main] INFO com.kvstore.cluster.ConsistentHashRing -- Added node-3 to ring with 150 virtual nodes
]]></system-out>
  </testcase>
  <testcase name="replicaNodesAreDistinct" classname="com.kvstore.cluster.ConsistentHashRingTest" time="0.004">
    <system-out><![CDATA[18:13:51.631 [main] INFO com.kvstore.wal.WALReplay -- WAL replay complete: 4 entries recovered, 0 skipped
18:13:51.631 [main] INFO com.kvstore.core.InMemoryStore -- Recovery complete: 4 WAL entries applied
18:13:51.631 [main] INFO com.kvstore.wal.WAL -- WAL opened at data/node-1.wal
18:13:51.631 [main] INFO com.kvstore.core.InMemoryStore -- InMemoryStore ready, 2 keys loaded
18:13:51.631 [main] INFO com.kvstore.cluster.ConsistentHashRing -- Added node-1 to ring with 150 virtual nodes
18:13:51.632 [main] INFO com.kvstore.wal.WALReplay -- WAL replay complete: 8 entries recovered, 0 skipped
18:13:51.632 [main] INFO com.kvstore.core.InMemoryStore -- Recovery complete: 8 WAL entries applied
18:13:51.632 [main] INFO com.kvstore.wal.WAL -- WAL opened at data/node-2.wal
18:13:51.632 [main] INFO com.kvstore.core.InMemoryStore -- InMemoryStore ready, 4 keys loaded
18:13:51.632 [main] INFO com.kvstore.cluster.ConsistentHashRing -- Added node-2 to ring with 150 virtual nodes
18:13:51.632 [main] INFO com.kvstore.wal.WALReplay -- WAL replay complete: 12 entries recovered, 0 skipped
18:13:51.632 [main] INFO com.kvstore.core.InMemoryStore -- Recovery complete: 12 WAL entries applied
18:13:51.632 [main] INFO com.kvstore.wal.WAL -- WAL opened at data/node-3.wal
18:13:51.632 [main] INFO com.kvstore.core.InMemoryStore -- InMemoryStore ready, 6 keys loaded
18:13:51.633 [main] INFO com.kvstore.cluster.ConsistentHashRing -- Added node-3 to ring with 150 virtual nodes
]]></system-out>
  </testcase>
  <testcase name="keyRoutesToCorrectNode" classname="com.kvstore.cluster.ConsistentHashRingTest" time="0.004">
    <system-out><![CDATA[18:13:51.635 [main] INFO com.kvstore.wal.WALReplay -- WAL replay complete: 4 entries recovered, 0 skipped
18:13:51.635 [main] INFO com.kvstore.core.InMemoryStore -- Recovery complete: 4 WAL entries applied
18:13:51.635 [main] INFO com.kvstore.wal.WAL -- WAL opened at data/node-1.wal
18:13:51.635 [main] INFO com.kvstore.core.InMemoryStore -- InMemoryStore ready, 2 keys loaded
18:13:51.636 [main] INFO com.kvstore.cluster.ConsistentHashRing -- Added node-1 to ring with 150 virtual nodes
18:13:51.636 [main] INFO com.kvstore.wal.WALReplay -- WAL replay complete: 8 entries recovered, 0 skipped
18:13:51.636 [main] INFO com.kvstore.core.InMemoryStore -- Recovery complete: 8 WAL entries applied
18:13:51.636 [main] INFO com.kvstore.wal.WAL -- WAL opened at data/node-2.wal
18:13:51.636 [main] INFO com.kvstore.core.InMemoryStore -- InMemoryStore ready, 4 keys loaded
18:13:51.636 [main] INFO com.kvstore.cluster.ConsistentHashRing -- Added node-2 to ring with 150 virtual nodes
18:13:51.637 [main] INFO com.kvstore.wal.WALReplay -- WAL replay complete: 12 entries recovered, 0 skipped
18:13:51.637 [main] INFO com.kvstore.core.InMemoryStore -- Recovery complete: 12 WAL entries applied
18:13:51.637 [main] INFO com.kvstore.wal.WAL -- WAL opened at data/node-3.wal
18:13:51.637 [main] INFO com.kvstore.core.InMemoryStore -- InMemoryStore ready, 6 keys loaded
18:13:51.637 [main] INFO com.kvstore.cluster.ConsistentHashRing -- Added node-3 to ring with 150 virtual nodes
]]></system-out>
  </testcase>
</testsuite>