<?xml version="1.0" encoding="UTF-8"?>
<testsuite xmlns:xsi="http://www.w3.org/2001/XMLSchema-instance" xsi:noNamespaceSchemaLocation="https://maven.apache.org/surefire/maven-surefire-plugin/xsd/surefire-test-report-3.0.xsd" version="3.0" name="com.kvstore.raft.RaftClusterTest" time="2.324" tests="5" errors="0" skipped="0" failures="0">
  <properties>
[...]
</properties>
  <testcase name="writesWorkAfterLeaderCrash" classname="com.kvstore.raft.RaftClusterTest" time="0.788">
    <system-out><![CDATA[18:48:13.883 [main] INFO com.kvstore.wal.WALReplay -- WAL replay complete: 0 entries recovered, 0 skipped
18:48:13.883 [main] INFO com.kvstore.core.InMemoryStore -- Recovery complete: 0 WAL entries applied
18:48:13.884 [main] INFO com.kvstore.wal.WAL -- WAL opened at data/raft-raft-1.wal
18:48:13.884 [main] INFO com.kvstore.core.InMemoryStore -- InMemoryStore ready, 0 keys loaded
18:48:13.885 [main] INFO com.kvstore.raft.RaftCluster -- Added raft node raft-1
18:48:13.885 [main] INFO com.kvstore.wal.WALReplay -- WAL replay complete: 0 entries recovered, 0 skipped
18:48:13.885 [main] INFO com.kvstore.core.InMemoryStore -- Recovery complete: 0 WAL entries applied
18:48:13.885 [main] INFO com.kvstore.wal.WAL -- WAL opened at data/raft-raft-2.wal
18:48:13.885 [main] INFO com.kvstore.core.InMemoryStore -- InMemoryStore ready, 0 keys loaded
18:48:13.885 [main] INFO com.kvstore.raft.RaftCluster -- Added raft node raft-2
18:48:13.886 [main] INFO com.kvstore.wal.WALReplay -- WAL replay complete: 0 entries recovered, 0 skipped
18:48:13.886 [main] INFO com.kvstore.core.InMemoryStore -- Recovery complete: 0 WAL entries applied
18:48:13.886 [main] INFO com.kvstore.wal.WAL -- WAL opened at data/raft-raft-3.wal
18:48:13.886 [main] INFO com.kvstore.core.InMemoryStore -- InMemoryStore ready, 0 keys loaded
18:48:13.886 [main] INFO com.kvstore.raft.RaftCluster -- Added raft node raft-3
18:48:13.886 [main] INFO com.kvstore.raft.RaftCluster -- Connected 3 nodes as peers
18:48:13.886 [main] INFO com.kvstore.raft.RaftNode -- RaftNode raft-1 starting as FOLLOWER term=0
18:48:13.887 [main] INFO com.kvstore.raft.RaftNode -- RaftNode raft-2 starting as FOLLOWER term=0
18:48:13.887 [main] INFO com.kvstore.raft.RaftNode -- RaftNode raft-3 starting as FOLLOWER term=0
18:48:13.887 [main] INFO com.kvstore.raft.RaftCluster -- All 3 raft nodes started
18:48:14.042 [pool-4-thread-1] INFO com.kvstore.raft.RaftNode -- Node raft-3 starting election for term=1
18:48:14.043 [pool-4-thread-2] DEBUG com.kvstore.raft.RaftNode -- Node raft-1 granting vote to raft-3 for term=1
18:48:14.043 [pool-4-thread-1] DEBUG com.kvstore.raft.RaftNode -- Node raft-2 granting vote to raft-3 for term=1
18:48:14.043 [pool-4-thread-2] DEBUG com.kvstore.raft.RaftNode -- Node raft-3 received vote, total=2 majority=2
18:48:14.043 [pool-4-thread-1] DEBUG com.kvstore.raft.RaftNode -- Node raft-3 received vote, total=3 majority=2
18:48:14.043 [pool-4-thread-2] INFO com.kvstore.raft.RaftNode -- Node raft-3 became LEADER for term=1
18:48:14.043 [pool-4-thread-2] DEBUG com.kvstore.raft.RaftNode -- Node raft-2 received heartbeat from leader=raft-3 term=1
18:48:14.043 [pool-4-thread-1] DEBUG com.kvstore.raft.RaftNode -- Node raft-1 received heartbeat from leader=raft-3 term=1
18:48:14.055 [main] DEBUG com.kvstore.raft.RaftLog -- Log appended index=0 term=1 key=before delete=false
18:48:14.055 [main] DEBUG com.kvstore.raft.RaftNode -- Leader raft-3 replicating index=0 key=before
18:48:14.055 [main] DEBUG com.kvstore.raft.RaftLog -- Log appended index=0 term=1 key=before delete=false
18:48:14.055 [main] DEBUG com.kvstore.raft.RaftLog -- Log committed up to index=0
18:48:14.055 [main] DEBUG com.kvstore.raft.RaftNode -- Applied entry index=0 key=before delete=false
18:48:14.055 [main] DEBUG com.kvstore.raft.RaftNode -- Follower raft-1 appended index=0 key=before
18:48:14.055 [main] DEBUG com.kvstore.raft.RaftLog -- Log appended index=0 term=1 key=before delete=false
18:48:14.055 [main] DEBUG com.kvstore.raft.RaftLog -- Log committed up to index=0
18:48:14.055 [main] DEBUG com.kvstore.raft.RaftNode -- Applied entry index=0 key=before delete=false
18:48:14.055 [main] DEBUG com.kvstore.raft.RaftNode -- Follower raft-2 appended index=0 key=before
18:48:14.055 [main] DEBUG com.kvstore.raft.RaftLog -- Log committed up to index=0
18:48:14.055 [main] DEBUG com.kvstore.raft.RaftNode -- Applied entry index=0 key=before delete=false
18:48:14.055 [main] INFO com.kvstore.raft.RaftNode -- Entry committed index=0 key=before replicated=3/3 nodes
18:48:14.056 [main] INFO com.kvstore.raft.RaftNode -- RaftNode raft-3 stopped
18:48:14.238 [pool-3-thread-2] INFO com.kvstore.raft.RaftNode -- Node raft-2 starting election for term=2
18:48:14.238 [pool-3-thread-2] DEBUG com.kvstore.raft.RaftNode -- Node raft-3 granting vote to raft-2 for term=2
18:48:14.238 [pool-3-thread-1] DEBUG com.kvstore.raft.RaftNode -- Node raft-1 granting vote to raft-2 for term=2
18:48:14.238 [pool-3-thread-2] DEBUG com.kvstore.raft.RaftNode -- Node raft-2 received vote, total=2 majority=2
18:48:14.239 [pool-3-thread-1] DEBUG com.kvstore.raft.RaftNode -- Node raft-2 received vote, total=3 majority=2
18:48:14.239 [pool-3-thread-2] INFO com.kvstore.raft.RaftNode -- Node raft-2 became LEADER for term=2
18:48:14.239 [pool-3-thread-2] DEBUG com.kvstore.raft.RaftNode -- Node raft-1 received heartbeat from leader=raft-2 term=2
18:48:14.239 [pool-3-thread-1] DEBUG com.kvstore.raft.RaftNode -- Node raft-3 received heartbeat from leader=raft-2 term=2
18:48:14.290 [pool-3-thread-1] DEBUG com.kvstore.raft.RaftNode -- Node raft-3 received heartbeat from leader=raft-2 term=2
18:48:14.290 [pool-3-thread-2] DEBUG com.kvstore.raft.RaftNode -- Node raft-1 received heartbeat from leader=raft-2 term=2
18:48:14.340 [pool-3-thread-1] DEBUG com.kvstore.raft.RaftNode -- Node raft-1 received heartbeat from leader=raft-2 term=2
18:48:14.340 [pool-3-thread-2] DEBUG com.kvstore.raft.RaftNode -- Node raft-3 received heartbeat from leader=raft-2 term=2
18:48:14.394 [pool-3-thread-1] DEBUG com.kvstore.raft.RaftNode -- Node raft-1 received heartbeat from leader=raft-2 term=2
18:48:14.394 [pool-3-thread-2] DEBUG com.kvstore.raft.RaftNode -- Node raft-3 received heartbeat from leader=raft-2 term=2
18:48:14.443 [pool-3-thread-1] DEBUG com.kvstore.raft.RaftNode -- Node raft-1 received heartbeat from leader=raft-2 term=2
18:48:14.443 [pool-3-thread-2] DEBUG com.kvstore.raft.RaftNode -- Node raft-3 received heartbeat from leader=raft-2 term=2
18:48:14.492 [pool-3-thread-1] DEBUG com.kvstore.raft.RaftNode -- Node raft-3 received heartbeat from leader=raft-2 term=2
18:48:14.492 [pool-3-thread-2] DEBUG com.kvstore.raft.RaftNode -- Node raft-1 received heartbeat from leader=raft-2 term=2
18:48:14.540 [pool-3-thread-2] DEBUG com.kvstore.raft.RaftNode -- Node raft-3 received heartbeat from leader=raft-2 term=2
18:48:14.540 [pool-3-thread-1] DEBUG com.kvstore.raft.RaftNode -- Node raft-1 received heartbeat from leader=raft-2 term=2
18:48:14.561 [main] DEBUG com.kvstore.raft.RaftLog -- Log appended index=1 term=2 key=after delete=false
18:48:14.561 [main] DEBUG com.kvstore.raft.RaftNode -- Leader raft-2 replicating index=1 key=after
18:48:14.561 [main] DEBUG com.kvstore.raft.RaftLog -- Log appended index=1 term=2 key=after delete=false
18:48:14.561 [main] DEBUG com.kvstore.raft.RaftLog -- Log committed up to index=1
18:48:14.561 [main] DEBUG com.kvstore.raft.RaftNode -- Applied entry index=1 key=after delete=false
18:48:14.561 [main] DEBUG com.kvstore.raft.RaftNode -- Follower raft-1 appended index=1 key=after
18:48:14.561 [main] DEBUG com.kvstore.raft.RaftLog -- Log committed up to index=1
18:48:14.561 [main] DEBUG com.kvstore.raft.RaftNode -- Applied entry index=1 key=after delete=false
18:48:14.561 [main] INFO com.kvstore.raft.RaftNode -- Entry committed index=1 key=after replicated=2/3 nodes
18:48:14.594 [pool-3-thread-1] DEBUG com.kvstore.raft.RaftNode -- Node raft-3 received heartbeat from leader=raft-2 term=2
18:48:14.594 [pool-3-thread-2] DEBUG com.kvstore.raft.RaftNode -- Node raft-1 received heartbeat from leader=raft-2 term=2
18:48:14.644 [pool-3-thread-1] DEBUG com.kvstore.raft.RaftNode -- Node raft-1 received heartbeat from leader=raft-2 term=2
18:48:14.644 [pool-3-thread-2] DEBUG com.kvstore.raft.RaftNode -- Node raft-3 received heartbeat from leader=raft-2 term=2
18:48:14.666 [main] DEBUG com.kvstore.core.InMemoryStore -- GET key=after -> HIT
18:48:14.667 [main] DEBUG com.kvstore.core.InMemoryStore -- GET key=after -> HIT
18:48:14.669 [main] INFO com.kvstore.raft.RaftNode -- RaftNode raft-1 stopped
18:48:14.669 [main] INFO com.kvstore.raft.RaftNode -- RaftNode raft-2 stopped
18:48:14.669 [main] INFO com.kvstore.raft.RaftNode -- RaftNode raft-3 stopped
18:48:14.669 [main] INFO com.kvstore.raft.RaftCluster -- All raft nodes stopped
]]></system-out>
  </testcase>
  <testcase name="writesReplicateToAllNodes" classname="com.kvstore.raft.RaftClusterTest" time="0.285">
    <system-out><![CDATA[18:48:14.672 [main] INFO com.kvstore.wal.WALReplay -- WAL replay complete: 0 entries recovered, 0 skipped
18:48:14.672 [main] INFO com.kvstore.core.InMemoryStore -- Recovery complete: 0 WAL entries applied
18:48:14.672 [main] INFO com.kvstore.wal.WAL -- WAL opened at data/raft-raft-1.wal
18:48:14.672 [main] INFO com.kvstore.core.InMemoryStore -- InMemoryStore ready, 0 keys loaded
18:48:14.672 [main] INFO com.kvstore.raft.RaftCluster -- Added raft node raft-1
18:48:14.673 [main] INFO com.kvstore.wal.WALReplay -- WAL replay complete: 0 entries recovered, 0 skipped
18:48:14.673 [main] INFO com.kvstore.core.InMemoryStore -- Recovery complete: 0 WAL entries applied
18:48:14.673 [main] INFO com.kvstore.wal.WAL -- WAL opened at data/raft-raft-2.wal
18:48:14.673 [main] INFO com.kvstore.core.InMemoryStore -- InMemoryStore ready, 0 keys loaded
18:48:14.673 [main] INFO com.kvstore.raft.RaftCluster -- Added raft node raft-2
18:48:14.673 [main] INFO com.kvstore.wal.WALReplay -- WAL replay complete: 0 entries recovered, 0 skipped
18:48:14.673 [main] INFO com.kvstore.core.InMemoryStore -- Recovery complete: 0 WAL entries applied
18:48:14.673 [main] INFO com.kvstore.wal.WAL -- WAL opened at data/raft-raft-3.wal
18:48:14.673 [main] INFO com.kvstore.core.InMemoryStore -- InMemoryStore ready, 0 keys loaded
18:48:14.673 [main] INFO com.kvstore.raft.RaftCluster -- Added raft node raft-3
18:48:14.673 [main] INFO com.kvstore.raft.RaftCluster -- Connected 3 nodes as peers
18:48:14.673 [main] INFO com.kvstore.raft.RaftNode -- RaftNode raft-1 starting as FOLLOWER term=0
18:48:14.674 [main] INFO com.kvstore.raft.RaftNode -- RaftNode raft-2 starting as FOLLOWER term=0
18:48:14.674 [main] INFO com.kvstore.raft.RaftNode -- RaftNode raft-3 starting as FOLLOWER term=0
18:48:14.674 [main] INFO com.kvstore.raft.RaftCluster -- All 3 raft nodes started
18:48:14.838 [pool-6-thread-1] INFO com.kvstore.raft.RaftNode -- Node raft-2 starting election for term=1
18:48:14.839 [pool-6-thread-1] DEBUG com.kvstore.raft.RaftNode -- Node raft-3 granting vote to raft-2 for term=1
18:48:14.839 [pool-6-thread-2] DEBUG com.kvstore.raft.RaftNode -- Node raft-1 granting vote to raft-2 for term=1
18:48:14.839 [pool-6-thread-1] DEBUG com.kvstore.raft.RaftNode -- Node raft-2 received vote, total=2 majority=2
18:48:14.839 [pool-6-thread-2] DEBUG com.kvstore.raft.RaftNode -- Node raft-2 received vote, total=3 majority=2
18:48:14.839 [pool-6-thread-1] INFO com.kvstore.raft.RaftNode -- Node raft-2 became LEADER for term=1
18:48:14.840 [pool-6-thread-2] DEBUG com.kvstore.raft.RaftNode -- Node raft-1 received heartbeat from leader=raft-2 term=1
18:48:14.840 [pool-6-thread-1] DEBUG com.kvstore.raft.RaftNode -- Node raft-3 received heartbeat from leader=raft-2 term=1
18:48:14.849 [main] DEBUG com.kvstore.raft.RaftLog -- Log appended index=0 term=1 key=name delete=false
18:48:14.849 [main] DEBUG com.kvstore.raft.RaftNode -- Leader raft-2 replicating index=0 key=name
18:48:14.849 [main] DEBUG com.kvstore.raft.RaftLog -- Log appended index=0 term=1 key=name delete=false
18:48:14.849 [main] DEBUG com.kvstore.raft.RaftLog -- Log committed up to index=0
18:48:14.849 [main] DEBUG com.kvstore.raft.RaftNode -- Applied entry index=0 key=name delete=false
18:48:14.850 [main] DEBUG com.kvstore.raft.RaftNode -- Follower raft-1 appended index=0 key=name
18:48:14.850 [main] DEBUG com.kvstore.raft.RaftLog -- Log appended index=0 term=1 key=name delete=false
18:48:14.850 [main] DEBUG com.kvstore.raft.RaftLog -- Log committed up to index=0
18:48:14.850 [main] DEBUG com.kvstore.raft.RaftNode -- Applied entry index=0 key=name delete=false
18:48:14.850 [main] DEBUG com.kvstore.raft.RaftNode -- Follower raft-3 appended index=0 key=name
18:48:14.850 [main] DEBUG com.kvstore.raft.RaftLog -- Log committed up to index=0
18:48:14.850 [main] DEBUG com.kvstore.raft.RaftNode -- Applied entry index=0 key=name delete=false
18:48:14.850 [main] INFO com.kvstore.raft.RaftNode -- Entry committed index=0 key=name replicated=3/3 nodes
18:48:14.850 [main] DEBUG com.kvstore.raft.RaftLog -- Log appended index=1 term=1 key=goal delete=false
18:48:14.850 [main] DEBUG com.kvstore.raft.RaftNode -- Leader raft-2 replicating index=1 key=goal
18:48:14.850 [main] DEBUG com.kvstore.raft.RaftLog -- Log appended index=1 term=1 key=goal delete=false
18:48:14.850 [main] DEBUG com.kvstore.raft.RaftLog -- Log committed up to index=1
18:48:14.850 [main] DEBUG com.kvstore.raft.RaftNode -- Applied entry index=1 key=goal delete=false
18:48:14.850 [main] DEBUG com.kvstore.raft.RaftNode -- Follower raft-1 appended index=1 key=goal
18:48:14.850 [main] DEBUG com.kvstore.raft.RaftLog -- Log appended index=1 term=1 key=goal delete=false
18:48:14.850 [main] DEBUG com.kvstore.raft.RaftLog -- Log committed up to index=1
18:48:14.851 [main] DEBUG com.kvstore.raft.RaftNode -- Applied entry index=1 key=goal delete=false
18:48:14.851 [main] DEBUG com.kvstore.raft.RaftNode -- Follower raft-3 appended index=1 key=goal
18:48:14.851 [main] DEBUG com.kvstore.raft.RaftLog -- Log committed up to index=1
18:48:14.851 [main] DEBUG com.kvstore.raft.RaftNode -- Applied entry index=1 key=goal delete=false
18:48:14.851 [main] INFO com.kvstore.raft.RaftNode -- Entry committed index=1 key=goal replicated=3/3 nodes
18:48:14.893 [pool-6-thread-1] DEBUG com.kvstore.raft.RaftNode -- Node raft-1 received heartbeat from leader=raft-2 term=1
18:48:14.894 [pool-6-thread-2] DEBUG com.kvstore.raft.RaftNode -- Node raft-3 received heartbeat from leader=raft-2 term=1
18:48:14.942 [pool-6-thread-1] DEBUG com.kvstore.raft.RaftNode -- Node raft-3 received heartbeat from leader=raft-2 term=1
18:48:14.942 [pool-6-thread-2] DEBUG com.kvstore.raft.RaftNode -- Node raft-1 received heartbeat from leader=raft-2 term=1
18:48:14.953 [main] DEBUG com.kvstore.core.InMemoryStore -- GET key=name -> HIT
18:48:14.954 [main] DEBUG com.kvstore.core.InMemoryStore -- GET key=goal -> HIT
18:48:14.954 [main] DEBUG com.kvstore.core.InMemoryStore -- GET key=name -> HIT
18:48:14.954 [main] DEBUG com.kvstore.core.InMemoryStore -- GET key=goal -> HIT
18:48:14.954 [main] DEBUG com.kvstore.core.InMemoryStore -- GET key=name -> HIT
18:48:14.954 [main] DEBUG com.kvstore.core.InMemoryStore -- GET key=goal -> HIT
18:48:14.955 [main] INFO com.kvstore.raft.RaftNode -- RaftNode raft-1 stopped
18:48:14.955 [main] INFO com.kvstore.raft.RaftNode -- RaftNode raft-2 stopped
18:48:14.956 [main] INFO com.kvstore.raft.RaftNode -- RaftNode raft-3 stopped
18:48:14.956 [main] INFO com.kvstore.raft.RaftCluster -- All raft nodes stopped
]]></system-out>
  </testcase>
  <testcase name="newLeaderElectedAfterCrash" classname="com.kvstore.raft.RaftClusterTest" time="0.723">
    <system-out><![CDATA[18:48:14.960 [main] INFO com.kvstore.wal.WALReplay -- WAL replay complete: 0 entries recovered, 0 skipped
18:48:14.960 [main] INFO com.kvstore.core.InMemoryStore -- Recovery complete: 0 WAL entries applied
18:48:14.960 [main] INFO com.kvstore.wal.WAL -- WAL opened at data/raft-raft-1.wal
18:48:14.960 [main] INFO com.kvstore.core.InMemoryStore -- InMemoryStore ready, 0 keys loaded
18:48:14.961 [main] INFO com.kvstore.raft.RaftCluster -- Added raft node raft-1
18:48:14.961 [main] INFO com.kvstore.wal.WALReplay -- WAL replay complete: 0 entries recovered, 0 skipped
18:48:14.961 [main] INFO com.kvstore.core.InMemoryStore -- Recovery complete: 0 WAL entries applied
18:48:14.961 [main] INFO com.kvstore.wal.WAL -- WAL opened at data/raft-raft-2.wal
18:48:14.961 [main] INFO com.kvstore.core.InMemoryStore -- InMemoryStore ready, 0 keys loaded
18:48:14.961 [main] INFO com.kvstore.raft.RaftCluster -- Added raft node raft-2
18:48:14.961 [main] INFO com.kvstore.wal.WALReplay -- WAL replay complete: 0 entries recovered, 0 skipped
18:48:14.961 [main] INFO com.kvstore.core.InMemoryStore -- Recovery complete: 0 WAL entries applied
18:48:14.961 [main] INFO com.kvstore.wal.WAL -- WAL opened at data/raft-raft-3.wal
18:48:14.961 [main] INFO com.kvstore.core.InMemoryStore -- InMemoryStore ready, 0 keys loaded
18:48:14.961 [main] INFO com.kvstore.raft.RaftCluster -- Added raft node raft-3
18:48:14.962 [main] INFO com.kvstore.raft.RaftCluster -- Connected 3 nodes as peers
18:48:14.962 [main] INFO com.kvstore.raft.RaftNode -- RaftNode raft-1 starting as FOLLOWER term=0
18:48:14.962 [main] INFO com.kvstore.raft.RaftNode -- RaftNode raft-2 starting as FOLLOWER term=0
18:48:14.962 [main] INFO com.kvstore.raft.RaftNode -- RaftNode raft-3 starting as FOLLOWER term=0
18:48:14.962 [main] INFO com.kvstore.raft.RaftCluster -- All 3 raft nodes started
18:48:15.160 [pool-8-thread-1] INFO com.kvstore.raft.RaftNode -- Node raft-1 starting election for term=1
18:48:15.160 [pool-8-thread-1] DEBUG com.kvstore.raft.RaftNode -- Node raft-2 granting vote to raft-1 for term=1
18:48:15.160 [pool-8-thread-1] DEBUG com.kvstore.raft.RaftNode -- Node raft-1 received vote, total=2 majority=2
18:48:15.160 [pool-8-thread-2] DEBUG com.kvstore.raft.RaftNode -- Node raft-3 granting vote to raft-1 for term=1
18:48:15.160 [pool-8-thread-1] INFO com.kvstore.raft.RaftNode -- Node raft-1 became LEADER for term=1
18:48:15.160 [pool-8-thread-2] DEBUG com.kvstore.raft.RaftNode -- Node raft-1 received vote, total=3 majority=2
18:48:15.161 [pool-8-thread-1] DEBUG com.kvstore.raft.RaftNode -- Node raft-2 received heartbeat from leader=raft-1 term=1
18:48:15.161 [pool-8-thread-2] DEBUG com.kvstore.raft.RaftNode -- Node raft-3 received heartbeat from leader=raft-1 term=1
18:48:15.175 [main] INFO com.kvstore.raft.RaftNode -- RaftNode raft-1 stopped
18:48:15.366 [pool-10-thread-1] INFO com.kvstore.raft.RaftNode -- Node raft-3 starting election for term=2
18:48:15.366 [pool-10-thread-2] DEBUG com.kvstore.raft.RaftNode -- Node raft-1 granting vote to raft-3 for term=2
18:48:15.366 [pool-10-thread-1] DEBUG com.kvstore.raft.RaftNode -- Node raft-2 granting vote to raft-3 for term=2
18:48:15.367 [pool-10-thread-2] DEBUG com.kvstore.raft.RaftNode -- Node raft-3 received vote, total=2 majority=2
18:48:15.367 [pool-10-thread-1] DEBUG com.kvstore.raft.RaftNode -- Node raft-3 received vote, total=3 majority=2
18:48:15.367 [pool-10-thread-2] INFO com.kvstore.raft.RaftNode -- Node raft-3 became LEADER for term=2
18:48:15.367 [pool-10-thread-2] DEBUG com.kvstore.raft.RaftNode -- Node raft-1 received heartbeat from leader=raft-3 term=2
18:48:15.367 [pool-10-thread-1] DEBUG com.kvstore.raft.RaftNode -- Node raft-2 received heartbeat from leader=raft-3 term=2
18:48:15.422 [pool-10-thread-1] DEBUG com.kvstore.raft.RaftNode -- Node raft-2 received heartbeat from leader=raft-3 term=2
18:48:15.422 [pool-10-thread-2] DEBUG com.kvstore.raft.RaftNode -- Node raft-1 received heartbeat from leader=raft-3 term=2
18:48:15.470 [pool-10-thread-2] DEBUG com.kvstore.raft.RaftNode -- Node raft-2 received heartbeat from leader=raft-3 term=2
18:48:15.470 [pool-10-thread-1] DEBUG com.kvstore.raft.RaftNode -- Node raft-1 received heartbeat from leader=raft-3 term=2
18:48:15.522 [pool-10-thread-2] DEBUG com.kvstore.raft.RaftNode -- Node raft-1 received heartbeat from leader=raft-3 term=2
18:48:15.522 [pool-10-thread-1] DEBUG com.kvstore.raft.RaftNode -- Node raft-2 received heartbeat from leader=raft-3 term=2
18:48:15.572 [pool-10-thread-2] DEBUG com.kvstore.raft.RaftNode -- Node raft-2 received heartbeat from leader=raft-3 term=2
18:48:15.572 [pool-10-thread-1] DEBUG com.kvstore.raft.RaftNode -- Node raft-1 received heartbeat from leader=raft-3 term=2
18:48:15.622 [pool-10-thread-1] DEBUG com.kvstore.raft.RaftNode -- Node raft-1 received heartbeat from leader=raft-3 term=2
18:48:15.622 [pool-10-thread-2] DEBUG com.kvstore.raft.RaftNode -- Node raft-2 received heartbeat from leader=raft-3 term=2
18:48:15.667 [pool-10-thread-1] DEBUG com.kvstore.raft.RaftNode -- Node raft-1 received heartbeat from leader=raft-3 term=2
18:48:15.667 [pool-10-thread-2] DEBUG com.kvstore.raft.RaftNode -- Node raft-2 received heartbeat from leader=raft-3 term=2
18:48:15.680 [main] INFO com.kvstore.raft.RaftNode -- RaftNode raft-1 stopped
18:48:15.680 [main] INFO com.kvstore.raft.RaftNode -- RaftNode raft-2 stopped
18:48:15.680 [main] INFO com.kvstore.raft.RaftNode -- RaftNode raft-3 stopped
18:48:15.680 [main] INFO com.kvstore.raft.RaftCluster -- All raft nodes stopped
]]></system-out>
  </testcase>
  <testcase name="leaderElected" classname="com.kvstore.raft.RaftClusterTest" time="0.174">
    <system-out><![CDATA[18:48:15.683 [main] INFO com.kvstore.wal.WALReplay -- WAL replay complete: 0 entries recovered, 0 skipped
18:48:15.683 [main] INFO com.kvstore.core.InMemoryStore -- Recovery complete: 0 WAL entries applied
18:48:15.683 [main] INFO com.kvstore.wal.WAL -- WAL opened at data/raft-raft-1.wal
18:48:15.683 [main] INFO com.kvstore.core.InMemoryStore -- InMemoryStore ready, 0 keys loaded
18:48:15.683 [main] INFO com.kvstore.raft.RaftCluster -- Added raft node raft-1
18:48:15.684 [main] INFO com.kvstore.wal.WALReplay -- WAL replay complete: 0 entries recovered, 0 skipped
18:48:15.684 [main] INFO com.kvstore.core.InMemoryStore -- Recovery complete: 0 WAL entries applied
18:48:15.684 [main] INFO com.kvstore.wal.WAL -- WAL opened at data/raft-raft-2.wal
18:48:15.684 [main] INFO com.kvstore.core.InMemoryStore -- InMemoryStore ready, 0 keys loaded
18:48:15.684 [main] INFO com.kvstore.raft.RaftCluster -- Added raft node raft-2
18:48:15.684 [main] INFO com.kvstore.wal.WALReplay -- WAL replay complete: 0 entries recovered, 0 skipped
18:48:15.684 [main] INFO com.kvstore.core.InMemoryStore -- Recovery complete: 0 WAL entries applied
18:48:15.684 [main] INFO com.kvstore.wal.WAL -- WAL opened at data/raft-raft-3.wal
18:48:15.684 [main] INFO com.kvstore.core.InMemoryStore -- InMemoryStore ready, 0 keys loaded
18:48:15.684 [main] INFO com.kvstore.raft.RaftCluster -- Added raft node raft-3
18:48:15.684 [main] INFO com.kvstore.raft.RaftCluster -- Connected 3 nodes as peers
18:48:15.684 [main] INFO com.kvstore.raft.RaftNode -- RaftNode raft-1 starting as FOLLOWER term=0
18:48:15.685 [main] INFO com.kvstore.raft.RaftNode -- RaftNode raft-2 starting as FOLLOWER term=0
18:48:15.685 [main] INFO com.kvstore.raft.RaftNode -- RaftNode raft-3 starting as FOLLOWER term=0
18:48:15.685 [main] INFO com.kvstore.raft.RaftCluster -- All 3 raft nodes started
18:48:15.846 [pool-13-thread-1] INFO com.kvstore.raft.RaftNode -- Node raft-3 starting election for term=1
18:48:15.846 [pool-13-thread-1] DEBUG com.kvstore.raft.RaftNode -- Node raft-1 granting vote to raft-3 for term=1
18:48:15.846 [pool-13-thread-1] DEBUG com.kvstore.raft.RaftNode -- Node raft-3 received vote, total=2 majority=2
18:48:15.846 [pool-13-thread-1] INFO com.kvstore.raft.RaftNode -- Node raft-3 became LEADER for term=1
18:48:15.846 [pool-13-thread-2] DEBUG com.kvstore.raft.RaftNode -- Node raft-2 granting vote to raft-3 for term=1
18:48:15.846 [pool-13-thread-2] DEBUG com.kvstore.raft.RaftNode -- Node raft-3 received vote, total=3 majority=2
18:48:15.846 [pool-13-thread-1] DEBUG com.kvstore.raft.RaftNode -- Node raft-1 received heartbeat from leader=raft-3 term=1
18:48:15.846 [pool-13-thread-2] DEBUG com.kvstore.raft.RaftNode -- Node raft-2 received heartbeat from leader=raft-3 term=1
18:48:15.855 [main] INFO com.kvstore.raft.RaftNode -- RaftNode raft-1 stopped
18:48:15.856 [main] INFO com.kvstore.raft.RaftNode -- RaftNode raft-2 stopped
18:48:15.856 [main] INFO com.kvstore.raft.RaftNode -- RaftNode raft-3 stopped
18:48:15.856 [main] INFO com.kvstore.raft.RaftCluster -- All raft nodes stopped
]]></system-out>
  </testcase>
  <testcase name="deleteReplicatesToAllNodes" classname="com.kvstore.raft.RaftClusterTest" time="0.349">
    <system-out><![CDATA[18:48:15.857 [main] INFO com.kvstore.wal.WALReplay -- WAL replay complete: 0 entries recovered, 0 skipped
18:48:15.857 [main] INFO com.kvstore.core.InMemoryStore -- Recovery complete: 0 WAL entries applied
18:48:15.857 [main] INFO com.kvstore.wal.WAL -- WAL opened at data/raft-raft-1.wal
18:48:15.857 [main] INFO com.kvstore.core.InMemoryStore -- InMemoryStore ready, 0 keys loaded
18:48:15.857 [main] INFO com.kvstore.raft.RaftCluster -- Added raft node raft-1
18:48:15.857 [main] INFO com.kvstore.wal.WALReplay -- WAL replay complete: 0 entries recovered, 0 skipped
18:48:15.857 [main] INFO com.kvstore.core.InMemoryStore -- Recovery complete: 0 WAL entries applied
18:48:15.857 [main] INFO com.kvstore.wal.WAL -- WAL opened at data/raft-raft-2.wal
18:48:15.857 [main] INFO com.kvstore.core.InMemoryStore -- InMemoryStore ready, 0 keys loaded
18:48:15.857 [main] INFO com.kvstore.raft.RaftCluster -- Added raft node raft-2
18:48:15.857 [main] INFO com.kvstore.wal.WALReplay -- WAL replay complete: 0 entries recovered, 0 skipped
18:48:15.857 [main] INFO com.kvstore.core.InMemoryStore -- Recovery complete: 0 WAL entries applied
18:48:15.857 [main] INFO com.kvstore.wal.WAL -- WAL opened at data/raft-raft-3.wal
18:48:15.857 [main] INFO com.kvstore.core.InMemoryStore -- InMemoryStore ready, 0 keys loaded
18:48:15.857 [main] INFO com.kvstore.raft.RaftCluster -- Added raft node raft-3
18:48:15.857 [main] INFO com.kvstore.raft.RaftCluster -- Connected 3 nodes as peers
18:48:15.857 [main] INFO com.kvstore.raft.RaftNode -- RaftNode raft-1 starting as FOLLOWER term=0
18:48:15.857 [main] INFO com.kvstore.raft.RaftNode -- RaftNode raft-2 starting as FOLLOWER term=0
18:48:15.857 [main] INFO com.kvstore.raft.RaftNode -- RaftNode raft-3 starting as FOLLOWER term=0
18:48:15.857 [main] INFO com.kvstore.raft.RaftCluster -- All 3 raft nodes started
18:48:16.086 [pool-14-thread-1] INFO com.kvstore.raft.RaftNode -- Node raft-1 starting election for term=1
18:48:16.086 [pool-16-thread-1] INFO com.kvstore.raft.RaftNode -- Node raft-3 starting election for term=1
18:48:16.087 [pool-14-thread-1] DEBUG com.kvstore.raft.RaftNode -- Node raft-2 granting vote to raft-1 for term=1
18:48:16.088 [pool-14-thread-1] DEBUG com.kvstore.raft.RaftNode -- Node raft-1 received vote, total=2 majority=2
18:48:16.088 [pool-14-thread-1] INFO com.kvstore.raft.RaftNode -- Node raft-1 became LEADER for term=1
18:48:16.088 [pool-14-thread-1] DEBUG com.kvstore.raft.RaftNode -- Node raft-2 received heartbeat from leader=raft-1 term=1
18:48:16.088 [pool-14-thread-1] DEBUG com.kvstore.raft.RaftNode -- Node raft-3 received heartbeat from leader=raft-1 term=1
18:48:16.098 [main] DEBUG com.kvstore.raft.RaftLog -- Log appended index=0 term=1 key=lang delete=false
18:48:16.098 [main] DEBUG com.kvstore.raft.RaftNode -- Leader raft-1 replicating index=0 key=lang
18:48:16.099 [main] DEBUG com.kvstore.raft.RaftLog -- Log appended index=0 term=1 key=lang delete=false
18:48:16.099 [main] DEBUG com.kvstore.raft.RaftLog -- Log committed up to index=0
18:48:16.099 [main] DEBUG com.kvstore.raft.RaftNode -- Applied entry index=0 key=lang delete=false
18:48:16.099 [main] DEBUG com.kvstore.raft.RaftNode -- Follower raft-2 appended index=0 key=lang
18:48:16.099 [main] DEBUG com.kvstore.raft.RaftLog -- Log appended index=0 term=1 key=lang delete=false
18:48:16.099 [main] DEBUG com.kvstore.raft.RaftLog -- Log committed up to index=0
18:48:16.099 [main] DEBUG com.kvstore.raft.RaftNode -- Applied entry index=0 key=lang delete=false
18:48:16.099 [main] DEBUG com.kvstore.raft.RaftNode -- Follower raft-3 appended index=0 key=lang
18:48:16.099 [main] DEBUG com.kvstore.raft.RaftLog -- Log committed up to index=0
18:48:16.099 [main] DEBUG com.kvstore.raft.RaftNode -- Applied entry index=0 key=lang delete=false
18:48:16.099 [main] INFO com.kvstore.raft.RaftNode -- Entry committed index=0 key=lang replicated=3/3 nodes
18:48:16.099 [main] DEBUG com.kvstore.raft.RaftLog -- Log appended index=1 term=1 key=lang delete=true
18:48:16.100 [main] DEBUG com.kvstore.raft.RaftNode -- Leader raft-1 replicating index=1 key=lang
18:48:16.100 [main] DEBUG com.kvstore.raft.RaftLog -- Log appended index=1 term=1 key=lang delete=true
18:48:16.100 [main] DEBUG com.kvstore.raft.RaftLog -- Log committed up to index=1
18:48:16.100 [main] DEBUG com.kvstore.raft.RaftNode -- Applied entry index=1 key=lang delete=true
18:48:16.100 [main] DEBUG com.kvstore.raft.RaftNode -- Follower raft-2 appended index=1 key=lang
18:48:16.100 [main] DEBUG com.kvstore.raft.RaftLog -- Log appended index=1 term=1 key=lang delete=true
18:48:16.100 [main] DEBUG com.kvstore.raft.RaftLog -- Log committed up to index=1
18:48:16.100 [main] DEBUG com.kvstore.raft.RaftNode -- Applied entry index=1 key=lang delete=true
18:48:16.100 [main] DEBUG com.kvstore.raft.RaftNode -- Follower raft-3 appended index=1 key=lang
18:48:16.100 [main] DEBUG com.kvstore.raft.RaftLog -- Log committed up to index=1
18:48:16.100 [main] DEBUG com.kvstore.raft.RaftNode -- Applied entry index=1 key=lang delete=true
18:48:16.100 [main] INFO com.kvstore.raft.RaftNode -- Entry committed index=1 key=lang replicated=3/3 nodes
18:48:16.143 [pool-14-thread-1] DEBUG com.kvstore.raft.RaftNode -- Node raft-2 received heartbeat from leader=raft-1 term=1
18:48:16.143 [pool-14-thread-2] DEBUG com.kvstore.raft.RaftNode -- Node raft-3 received heartbeat from leader=raft-1 term=1
18:48:16.193 [pool-14-thread-1] DEBUG com.kvstore.raft.RaftNode -- Node raft-3 received heartbeat from leader=raft-1 term=1
18:48:16.193 [pool-14-thread-2] DEBUG com.kvstore.raft.RaftNode -- Node raft-2 received heartbeat from leader=raft-1 term=1
18:48:16.203 [main] DEBUG com.kvstore.core.InMemoryStore -- GET key=lang -> MISS
18:48:16.203 [main] DEBUG com.kvstore.core.InMemoryStore -- GET key=lang -> MISS
18:48:16.203 [main] DEBUG com.kvstore.core.InMemoryStore -- GET key=lang -> MISS
18:48:16.204 [main] INFO com.kvstore.raft.RaftNode -- RaftNode raft-1 stopped
18:48:16.205 [main] INFO com.kvstore.raft.RaftNode -- RaftNode raft-2 stopped
18:48:16.205 [main] INFO com.kvstore.raft.RaftNode -- RaftNode raft-3 stopped
18:48:16.205 [main] INFO com.kvstore.raft.RaftCluster -- All raft nodes stopped
]]></system-out>
  </testcase>
</testsuite>